[+] Containers:
 |- [+] Container: /Game/Maps/Level1
 |   |- [+] ActorDescs:
 |   |   |- Guid:51C3CC594F142F98745CA28482B8117C BaseClass: NativeClass:/Script/Engine.StaticMeshActor Name:StaticMeshActor_UAID_00D861AA8170FFB001_2111647900 Label:Plane4 SpatiallyLoaded:1 Bounds:IsValid=true, Min=(X=-3430.000 Y=-5340.000 Z=3560.000), Max=(X=6770.000 Y=4860.000 Z=3560.000) RuntimeGrid:None EditorOnly:0 RuntimeOnly:0 HLODRelevant:1 ListedInSceneOutliner:1 IsMainWorldOnly:0
 |   |   |- Guid:6DE9FD6640515FFFCACE148F19E867C7 BaseClass: NativeClass:/Script/Engine.StaticMeshActor Name:StaticMeshActor_UAID_00D861AA8170FFB001_2058286898 Label:Plane2 SpatiallyLoaded:1 Bounds:IsValid=true, Min=(X=-3605.000 Y=2270.000 Z=-595.000), Max=(X=6945.000 Y=2270.000 Z=9955.000) RuntimeGrid:None EditorOnly:0 RuntimeOnly:0 HLODRelevant:1 ListedInSceneOutliner:1 IsMainWorldOnly:0
 |   |   |- Guid:8D242B5F43ACBBE7658B8D9CEE7097F5 BaseClass: NativeClass:/Script/Engine.StaticMeshActor Name:StaticMeshActor_UAID_00D861AA817000B101_1082128077 Label:Plane5 SpatiallyLoaded:1 Bounds:IsValid=true, Min=(X=6650.000 Y=-5208.702 Z=-644.967), Max=(X=6650.000 Y=5691.298 Z=10005.033) RuntimeGrid:None EditorOnly:0 RuntimeOnly:0 HLODRelevant:1 ListedInSceneOutliner:1 IsMainWorldOnly:0
 |   |   |- Guid:9A5FD3384F3D5AFCA27400BE83965718 BaseClass: NativeClass:/Script/Engine.StaticMeshActor Name:StaticMeshActor_UAID_00D861AA817000B101_1550594079 Label:Plane7 SpatiallyLoaded:1 Bounds:IsValid=true, Min=(X=4400.000 Y=-5198.702 Z=-644.967), Max=(X=4400.000 Y=5701.298 Z=10005.033) RuntimeGrid:None EditorOnly:0 RuntimeOnly:0 HLODRelevant:1 ListedInSceneOutliner:1 IsMainWorldOnly:0
 |   |   |- Guid:9BE83863441FD4B98F0DF8B89F7597E4 BaseClass: NativeClass:/Script/Engine.WorldDataLayers Name:WorldDataLayers Label:WorldDataLayers SpatiallyLoaded:0 Bounds:Invalid RuntimeGrid:None EditorOnly:0 RuntimeOnly:0 HLODRelevant:0 ListedInSceneOutliner:1 IsMainWorldOnly:1
 |   |   |- Guid:9EA87A754A9E7F171560ABAFC4647351 BaseClass:/Game/Blueprints/Actors/Interaction/BP_Interaction_Outwards.BP_Interaction_Outwards_C NativeClass:/Script/Engine.Actor Name:BP_Interaction_Outwards_C_UAID_00D861AA8170F2B001_2081345607 Label:BP_Interaction_Outwards SpatiallyLoaded:1 Bounds:IsValid=true, Min=(X=2727.581 Y=-1506.996 Z=200.000), Max=(X=2752.419 Y=-1393.004 Z=411.996) RuntimeGrid:None EditorOnly:0 RuntimeOnly:0 HLODRelevant:0 ListedInSceneOutliner:1 IsMainWorldOnly:0
 |   |   |- Guid:A6AFEBD64EDD40A8107212AAD0B59EB5 BaseClass: NativeClass:/Script/Engine.StaticMeshActor Name:StaticMeshActor_UAID_00D861AA817000B101_1561606080 Label:Plane8 SpatiallyLoaded:1 Bounds:IsValid=true, Min=(X=-5110.000 Y=-4480.001 Z=-2120.000), Max=(X=8490.000 Y=-4479.999 Z=11480.000) RuntimeGrid:None EditorOnly:0 RuntimeOnly:0 HLODRelevant:1 ListedInSceneOutliner:1 IsMainWorldOnly:0
 |   |   |- Guid:B9BDB1B843680A9AFAB28C8946A1A464 BaseClass: NativeClass:/Script/Engine.StaticMeshActor Name:StaticMeshActor_UAID_00D861AA817000B101_1567505081 Label:Plane9 SpatiallyLoaded:1 Bounds:IsValid=true, Min=(X=-3705.000 Y=-5615.000 Z=199.999), Max=(X=7045.000 Y=5135.000 Z=200.001) RuntimeGrid:None EditorOnly:0 RuntimeOnly:0 HLODRelevant:1 ListedInSceneOutliner:1 IsMainWorldOnly:0
 |   |   |- Guid:C61BEC2B4C72F19793DB56993E07488D BaseClass: NativeClass:/Script/Engine.StaticMeshActor Name:StaticMeshActor_UAID_00D861AA8170B3AF01_1344228468 Label:Plane SpatiallyLoaded:1 Bounds:IsValid=true, Min=(X=-3715.000 Y=-5625.000 Z=200.000), Max=(X=7035.000 Y=5125.000 Z=200.000) RuntimeGrid:None EditorOnly:0 RuntimeOnly:0 HLODRelevant:1 ListedInSceneOutliner:1 IsMainWorldOnly:0
 |   |   |- Guid:C96641234E989AEA59FD128B71EAD42F BaseClass: NativeClass:/Script/Engine.StaticMeshActor Name:StaticMeshActor_UAID_00D861AA817000B101_1082131078 Label:Plane6 SpatiallyLoaded:1 Bounds:IsValid=true, Min=(X=-780.000 Y=-4820.000 Z=-245.000), Max=(X=-780.000 Y=5280.000 Z=9605.000) RuntimeGrid:None EditorOnly:0 RuntimeOnly:0 HLODRelevant:1 ListedInSceneOutliner:1 IsMainWorldOnly:0
 |   |   |- Guid:CC2FF4A4464358AB5A694CB75A5416E0 BaseClass:/Game/Blueprints/Actors/BP_FlickeringLight.BP_FlickeringLight_C NativeClass:/Script/Engine.Actor Name:BP_FlickeringLight_C_UAID_00D861AA817007B101_1352973304 Label:BP_FlickeringLight2 SpatiallyLoaded:1 Bounds:IsValid=true, Min=(X=510.000 Y=-2430.000 Z=-730.000), Max=(X=2510.000 Y=-430.000 Z=1270.000) RuntimeGrid:None EditorOnly:0 RuntimeOnly:0 HLODRelevant:0 ListedInSceneOutliner:1 IsMainWorldOnly:0
 |   |   |- Guid:CDB52C3040D43AF8A250A8BCCC791FF0 BaseClass:/Game/Blueprints/Actors/Grabbable/BP_PhysicsDoor.BP_PhysicsDoor_C NativeClass:/Script/Engine.Actor Name:BP_PhysicsDoor_C_UAID_00D861AA8170F7B001_1695301488 Label:BP_PhysicsDoor SpatiallyLoaded:1 Bounds:IsValid=true, Min=(X=2717.581 Y=-1686.996 Z=200.000), Max=(X=2742.419 Y=-1573.004 Z=411.996) RuntimeGrid:None EditorOnly:0 RuntimeOnly:0 HLODRelevant:0 ListedInSceneOutliner:1 IsMainWorldOnly:0
 |   |   |- Guid:DCA5982C44F5F2C826B9BBAF81D8C467 BaseClass: NativeClass:/Script/Engine.PointLight Name:PointLight_UAID_00D861AA817006B101_1117266127 Label:PointLight SpatiallyLoaded:1 Bounds:IsValid=true, Min=(X=660.000 Y=120.000 Z=-130.000), Max=(X=2660.000 Y=2120.000 Z=1870.000) RuntimeGrid:None EditorOnly:0 RuntimeOnly:0 HLODRelevant:0 ListedInSceneOutliner:1 IsMainWorldOnly:0
 |   |   |- Guid:F4A9DD51421BDE73BDDB02B3124D270A BaseClass:/Game/Blueprints/Actors/Interaction/BP_Interaction.BP_Interaction_C NativeClass:/Script/Engine.Actor Name:BP_InteractionActor_C_UAID_00D861AA8170D7AF01_1710937807 Label:BP_InteractionActor SpatiallyLoaded:1 Bounds:IsValid=true, Min=(X=3440.000 Y=30.000 Z=200.000), Max=(X=3540.000 Y=130.000 Z=300.000) RuntimeGrid:None EditorOnly:0 RuntimeOnly:0 HLODRelevant:0 ListedInSceneOutliner:1 IsMainWorldOnly:0
 |   |   |- Guid:F5D0FCEE4F24B77C21A7069FC9822A7C BaseClass: NativeClass:/Script/Engine.PostProcessVolume Name:PostProcessVolume_UAID_00D861AA8170B3AF01_1232846464 Label:PostProcessVolume SpatiallyLoaded:0 Bounds:IsValid=true, Min=(X=-3830.000 Y=-4980.000 Z=-4410.000), Max=(X=6070.000 Y=4920.000 Z=5490.000) RuntimeGrid:None EditorOnly:0 RuntimeOnly:0 HLODRelevant:0 ListedInSceneOutliner:1 IsMainWorldOnly:0
 |   |   |- Guid:F9B41A8A40224C327E250DA009ECF23B BaseClass: NativeClass:/Script/Engine.StaticMeshActor Name:StaticMeshActor_UAID_00D861AA8170FFB001_2091837899 Label:Plane3 SpatiallyLoaded:1 Bounds:IsValid=true, Min=(X=-5120.000 Y=-1920.000 Z=-2120.000), Max=(X=8480.000 Y=-1920.000 Z=11480.000) RuntimeGrid:None EditorOnly:0 RuntimeOnly:0 HLODRelevant:1 ListedInSceneOutliner:1 IsMainWorldOnly:0
 |   |- [+] Clusters:
 |   |   |- [+] [  0]
 |   |   |   |- Guid:51C3CC594F142F98745CA28482B8117C BaseClass: NativeClass:/Script/Engine.StaticMeshActor Name:StaticMeshActor_UAID_00D861AA8170FFB001_2111647900 Label:Plane4 SpatiallyLoaded:1 Bounds:IsValid=true, Min=(X=-3430.000 Y=-5340.000 Z=3560.000), Max=(X=6770.000 Y=4860.000 Z=3560.000) RuntimeGrid:None EditorOnly:0 RuntimeOnly:0 HLODRelevant:1 ListedInSceneOutliner:1 IsMainWorldOnly:0
 |   |   |- [+] [  1]
 |   |   |   |- Guid:6DE9FD6640515FFFCACE148F19E867C7 BaseClass: NativeClass:/Script/Engine.StaticMeshActor Name:StaticMeshActor_UAID_00D861AA8170FFB001_2058286898 Label:Plane2 SpatiallyLoaded:1 Bounds:IsValid=true, Min=(X=-3605.000 Y=2270.000 Z=-595.000), Max=(X=6945.000 Y=2270.000 Z=9955.000) RuntimeGrid:None EditorOnly:0 RuntimeOnly:0 HLODRelevant:1 ListedInSceneOutliner:1 IsMainWorldOnly:0
 |   |   |- [+] [  2]
 |   |   |   |- Guid:8D242B5F43ACBBE7658B8D9CEE7097F5 BaseClass: NativeClass:/Script/Engine.StaticMeshActor Name:StaticMeshActor_UAID_00D861AA817000B101_1082128077 Label:Plane5 SpatiallyLoaded:1 Bounds:IsValid=true, Min=(X=6650.000 Y=-5208.702 Z=-644.967), Max=(X=6650.000 Y=5691.298 Z=10005.033) RuntimeGrid:None EditorOnly:0 RuntimeOnly:0 HLODRelevant:1 ListedInSceneOutliner:1 IsMainWorldOnly:0
 |   |   |- [+] [  3]
 |   |   |   |- Guid:9A5FD3384F3D5AFCA27400BE83965718 BaseClass: NativeClass:/Script/Engine.StaticMeshActor Name:StaticMeshActor_UAID_00D861AA817000B101_1550594079 Label:Plane7 SpatiallyLoaded:1 Bounds:IsValid=true, Min=(X=4400.000 Y=-5198.702 Z=-644.967), Max=(X=4400.000 Y=5701.298 Z=10005.033) RuntimeGrid:None EditorOnly:0 RuntimeOnly:0 HLODRelevant:1 ListedInSceneOutliner:1 IsMainWorldOnly:0
 |   |   |- [+] [  4]
 |   |   |   |- Guid:9BE83863441FD4B98F0DF8B89F7597E4 BaseClass: NativeClass:/Script/Engine.WorldDataLayers Name:WorldDataLayers Label:WorldDataLayers SpatiallyLoaded:0 Bounds:Invalid RuntimeGrid:None EditorOnly:0 RuntimeOnly:0 HLODRelevant:0 ListedInSceneOutliner:1 IsMainWorldOnly:1
 |   |   |- [+] [  5]
 |   |   |   |- Guid:9EA87A754A9E7F171560ABAFC4647351 BaseClass:/Game/Blueprints/Actors/Interaction/BP_Interaction_Outwards.BP_Interaction_Outwards_C NativeClass:/Script/Engine.Actor Name:BP_Interaction_Outwards_C_UAID_00D861AA8170F2B001_2081345607 Label:BP_Interaction_Outwards SpatiallyLoaded:1 Bounds:IsValid=true, Min=(X=2727.581 Y=-1506.996 Z=200.000), Max=(X=2752.419 Y=-1393.004 Z=411.996) RuntimeGrid:None EditorOnly:0 RuntimeOnly:0 HLODRelevant:0 ListedInSceneOutliner:1 IsMainWorldOnly:0
 |   |   |- [+] [  6]
 |   |   |   |- Guid:A6AFEBD64EDD40A8107212AAD0B59EB5 BaseClass: NativeClass:/Script/Engine.StaticMeshActor Name:StaticMeshActor_UAID_00D861AA817000B101_1561606080 Label:Plane8 SpatiallyLoaded:1 Bounds:IsValid=true, Min=(X=-5110.000 Y=-4480.001 Z=-2120.000), Max=(X=8490.000 Y=-4479.999 Z=11480.000) RuntimeGrid:None EditorOnly:0 RuntimeOnly:0 HLODRelevant:1 ListedInSceneOutliner:1 IsMainWorldOnly:0
 |   |   |- [+] [  7]
 |   |   |   |- Guid:B9BDB1B843680A9AFAB28C8946A1A464 BaseClass: NativeClass:/Script/Engine.StaticMeshActor Name:StaticMeshActor_UAID_00D861AA817000B101_1567505081 Label:Plane9 SpatiallyLoaded:1 Bounds:IsValid=true, Min=(X=-3705.000 Y=-5615.000 Z=199.999), Max=(X=7045.000 Y=5135.000 Z=200.001) RuntimeGrid:None EditorOnly:0 RuntimeOnly:0 HLODRelevant:1 ListedInSceneOutliner:1 IsMainWorldOnly:0
 |   |   |- [+] [  8]
 |   |   |   |- Guid:C61BEC2B4C72F19793DB56993E07488D BaseClass: NativeClass:/Script/Engine.StaticMeshActor Name:StaticMeshActor_UAID_00D861AA8170B3AF01_1344228468 Label:Plane SpatiallyLoaded:1 Bounds:IsValid=true, Min=(X=-3715.000 Y=-5625.000 Z=200.000), Max=(X=7035.000 Y=5125.000 Z=200.000) RuntimeGrid:None EditorOnly:0 RuntimeOnly:0 HLODRelevant:1 ListedInSceneOutliner:1 IsMainWorldOnly:0
 |   |   |- [+] [  9]
 |   |   |   |- Guid:C96641234E989AEA59FD128B71EAD42F BaseClass: NativeClass:/Script/Engine.StaticMeshActor Name:StaticMeshActor_UAID_00D861AA817000B101_1082131078 Label:Plane6 SpatiallyLoaded:1 Bounds:IsValid=true, Min=(X=-780.000 Y=-4820.000 Z=-245.000), Max=(X=-780.000 Y=5280.000 Z=9605.000) RuntimeGrid:None EditorOnly:0 RuntimeOnly:0 HLODRelevant:1 ListedInSceneOutliner:1 IsMainWorldOnly:0
 |   |   |- [+] [ 10]
 |   |   |   |- Guid:CC2FF4A4464358AB5A694CB75A5416E0 BaseClass:/Game/Blueprints/Actors/BP_FlickeringLight.BP_FlickeringLight_C NativeClass:/Script/Engine.Actor Name:BP_FlickeringLight_C_UAID_00D861AA817007B101_1352973304 Label:BP_FlickeringLight2 SpatiallyLoaded:1 Bounds:IsValid=true, Min=(X=510.000 Y=-2430.000 Z=-730.000), Max=(X=2510.000 Y=-430.000 Z=1270.000) RuntimeGrid:None EditorOnly:0 RuntimeOnly:0 HLODRelevant:0 ListedInSceneOutliner:1 IsMainWorldOnly:0
 |   |   |- [+] [ 11]
 |   |   |   |- Guid:CDB52C3040D43AF8A250A8BCCC791FF0 BaseClass:/Game/Blueprints/Actors/Grabbable/BP_PhysicsDoor.BP_PhysicsDoor_C NativeClass:/Script/Engine.Actor Name:BP_PhysicsDoor_C_UAID_00D861AA8170F7B001_1695301488 Label:BP_PhysicsDoor SpatiallyLoaded:1 Bounds:IsValid=true, Min=(X=2717.581 Y=-1686.996 Z=200.000), Max=(X=2742.419 Y=-1573.004 Z=411.996) RuntimeGrid:None EditorOnly:0 RuntimeOnly:0 HLODRelevant:0 ListedInSceneOutliner:1 IsMainWorldOnly:0
 |   |   |- [+] [ 12]
 |   |   |   |- Guid:DCA5982C44F5F2C826B9BBAF81D8C467 BaseClass: NativeClass:/Script/Engine.PointLight Name:PointLight_UAID_00D861AA817006B101_1117266127 Label:PointLight SpatiallyLoaded:1 Bounds:IsValid=true, Min=(X=660.000 Y=120.000 Z=-130.000), Max=(X=2660.000 Y=2120.000 Z=1870.000) RuntimeGrid:None EditorOnly:0 RuntimeOnly:0 HLODRelevant:0 ListedInSceneOutliner:1 IsMainWorldOnly:0
 |   |   |- [+] [ 13]
 |   |   |   |- Guid:F4A9DD51421BDE73BDDB02B3124D270A BaseClass:/Game/Blueprints/Actors/Interaction/BP_Interaction.BP_Interaction_C NativeClass:/Script/Engine.Actor Name:BP_InteractionActor_C_UAID_00D861AA8170D7AF01_1710937807 Label:BP_InteractionActor SpatiallyLoaded:1 Bounds:IsValid=true, Min=(X=3440.000 Y=30.000 Z=200.000), Max=(X=3540.000 Y=130.000 Z=300.000) RuntimeGrid:None EditorOnly:0 RuntimeOnly:0 HLODRelevant:0 ListedInSceneOutliner:1 IsMainWorldOnly:0
 |   |   |- [+] [ 14]
 |   |   |   |- Guid:F5D0FCEE4F24B77C21A7069FC9822A7C BaseClass: NativeClass:/Script/Engine.PostProcessVolume Name:PostProcessVolume_UAID_00D861AA8170B3AF01_1232846464 Label:PostProcessVolume SpatiallyLoaded:0 Bounds:IsValid=true, Min=(X=-3830.000 Y=-4980.000 Z=-4410.000), Max=(X=6070.000 Y=4920.000 Z=5490.000) RuntimeGrid:None EditorOnly:0 RuntimeOnly:0 HLODRelevant:0 ListedInSceneOutliner:1 IsMainWorldOnly:0
 |   |   |- [+] [ 15]
 |   |   |   |- Guid:F9B41A8A40224C327E250DA009ECF23B BaseClass: NativeClass:/Script/Engine.StaticMeshActor Name:StaticMeshActor_UAID_00D861AA8170FFB001_2091837899 Label:Plane3 SpatiallyLoaded:1 Bounds:IsValid=true, Min=(X=-5120.000 Y=-1920.000 Z=-2120.000), Max=(X=8480.000 Y=-1920.000 Z=11480.000) RuntimeGrid:None EditorOnly:0 RuntimeOnly:0 HLODRelevant:1 ListedInSceneOutliner:1 IsMainWorldOnly:0
 |- ContainerInstances:
 |- [+] MainContainer:
 |   |-        ID: 00000000000000000000000000000000
 |   |-  ParentID: 00000000000000000000000000000000
 |   |-    Bounds: IsValid=true, Min=(X=-5120.000 Y=-5625.000 Z=-2120.000), Max=(X=8490.000 Y=5701.298 Z=11480.000)
 |   |- Transform: 0.000000,0.000000,0.000000|0.000000,0.000000,-0.000000|1.000000,1.000000,1.000000
 |   |- Container: /Game/Maps/Level1
----------------------------------------------------------------------------------------------------------------
Level1 - Persistent Level
----------------------------------------------------------------------------------------------------------------
[+] Content of Level1 Persistent Level
 |- Always loaded Actor Count: 22 
 |- Actor Path: /Game/Maps/Level1.Level1:PersistentLevel.AbstractNavData-Default
 |- Actor Package: /Game/Maps/Level1
 |- Actor Path: /Game/Maps/Level1.Level1:PersistentLevel.BP_FlickeringLight_C_UAID_00D861AA817007B101_1352973304
 |- Actor Package: /Game/__ExternalActors__/Maps/Level1/8/EW/DL4NL3I81A5W50QOL07MT5
 |- Actor Path: /Game/Maps/Level1.Level1:PersistentLevel.BP_Interaction_Outwards_C_UAID_00D861AA8170F2B001_2081345607
 |- Actor Package: /Game/__ExternalActors__/Maps/Level1/5/VE/49O57EI3BZOZ46MKH5SW11
 |- Actor Path: /Game/Maps/Level1.Level1:PersistentLevel.BP_InteractionActor_C_UAID_00D861AA8170D7AF01_1710937807
 |- Actor Package: /Game/__ExternalActors__/Maps/Level1/D/E9/1FZ8Q5H6NZJR0TPI0J9N1U
 |- Actor Path: /Game/Maps/Level1.Level1:PersistentLevel.BP_PhysicsDoor_C_UAID_00D861AA8170F7B001_1695301488
 |- Actor Package: /Game/__ExternalActors__/Maps/Level1/3/VY/W2LIXJ69O3T2219A2X5E1X
 |- Actor Path: /Game/Maps/Level1.Level1:PersistentLevel.Brush_0
 |- Actor Package: /Game/Maps/Level1
 |- Actor Path: /Game/Maps/Level1.Level1:PersistentLevel.DefaultPhysicsVolume_0
 |- Actor Package: /Game/Maps/Level1
 |- Actor Path: /Game/Maps/Level1.Level1:PersistentLevel.GameplayDebuggerPlayerManager_0
 |- Actor Package: /Game/Maps/Level1
 |- Actor Path: /Game/Maps/Level1.Level1:PersistentLevel.PointLight_UAID_00D861AA817006B101_1117266127
 |- Actor Package: /Game/__ExternalActors__/Maps/Level1/E/U0/9ZAGZNC8LTD2KWR5YQP0ZF
 |- Actor Path: /Game/Maps/Level1.Level1:PersistentLevel.PostProcessVolume_UAID_00D861AA8170B3AF01_1232846464
 |- Actor Package: /Game/__ExternalActors__/Maps/Level1/C/X0/VNVQ9LDLTSEVHSHEFIE3RW
 |- Actor Path: /Game/Maps/Level1.Level1:PersistentLevel.StaticMeshActor_UAID_00D861AA817000B101_1082128077
 |- Actor Package: /Game/__ExternalActors__/Maps/Level1/4/TC/72LE4JOM3QE9SVR12FK0RE
 |- Actor Path: /Game/Maps/Level1.Level1:PersistentLevel.StaticMeshActor_UAID_00D861AA817000B101_1082131078
 |- Actor Package: /Game/__ExternalActors__/Maps/Level1/B/GR/SG1S8AUWK9W0UDYLGLL0G6
 |- Actor Path: /Game/Maps/Level1.Level1:PersistentLevel.StaticMeshActor_UAID_00D861AA817000B101_1550594079
 |- Actor Package: /Game/__ExternalActors__/Maps/Level1/7/FH/OO299ZXH29B4B7BN4MKUBU
 |- Actor Path: /Game/Maps/Level1.Level1:PersistentLevel.StaticMeshActor_UAID_00D861AA817000B101_1561606080
 |- Actor Package: /Game/__ExternalActors__/Maps/Level1/7/5W/WOEV9OJKBA0CRIF9KA4VUO
 |- Actor Path: /Game/Maps/Level1.Level1:PersistentLevel.StaticMeshActor_UAID_00D861AA817000B101_1567505081
 |- Actor Package: /Game/__ExternalActors__/Maps/Level1/1/SQ/18CAXJC6QB61PGAMP17E56
 |- Actor Path: /Game/Maps/Level1.Level1:PersistentLevel.StaticMeshActor_UAID_00D861AA8170B3AF01_1344228468
 |- Actor Package: /Game/__ExternalActors__/Maps/Level1/3/ZK/SP4KI0XWUPAPD27LZAOV5P
 |- Actor Path: /Game/Maps/Level1.Level1:PersistentLevel.StaticMeshActor_UAID_00D861AA8170FFB001_2058286898
 |- Actor Package: /Game/__ExternalActors__/Maps/Level1/7/8M/Q44BTFFAZBR8SYK7Q4UI8V
 |- Actor Path: /Game/Maps/Level1.Level1:PersistentLevel.StaticMeshActor_UAID_00D861AA8170FFB001_2091837899
 |- Actor Package: /Game/__ExternalActors__/Maps/Level1/D/UC/L75DDWPTLIPCZ534M98KSF
 |- Actor Path: /Game/Maps/Level1.Level1:PersistentLevel.StaticMeshActor_UAID_00D861AA8170FFB001_2111647900
 |- Actor Package: /Game/__ExternalActors__/Maps/Level1/6/A4/AC5X20S0IKIXVDZT15KBG5
 |- Actor Path: /Game/Maps/Level1.Level1:PersistentLevel.WorldDataLayers
 |- Actor Package: /Game/__ExternalActors__/Maps/Level1/0/9O/P8YJLOOO50A4WZYB2UA92W
 |- Actor Path: /Game/Maps/Level1.Level1:PersistentLevel.WorldPartitionMiniMap_UAID_00D861AA8170B2AF01_2089882287
 |- Actor Package: /Game/__ExternalActors__/Maps/Level1/9/9S/YI7SLTG4RRAE1BA23ROH3K
 |- Actor Path: /Game/Maps/Level1.Level1:PersistentLevel.WorldSettings
 |- Actor Package: /Game/Maps/Level1

----------------------------------------------------------------------------------------------------------------
Level1 - Runtime Spatial Hash - Streaming Grid - MainGrid
----------------------------------------------------------------------------------------------------------------
            Origin: X=0.000 Y=0.000 Z=0.000
         Cell Size: 12800
      World Bounds: IsValid=true, Min=(X=-5120.000 Y=-5625.000 Z=-2120.000), Max=(X=8490.000 Y=5701.298 Z=11480.000)
     Loading Range: 25600.00
Block Slow Loading: No
 ClientOnlyVisible: No
            Origin: X=0.000 Y=0.000 Z=0.000

[+] Grid Levels: 2
 |- Level  0: Cell Count    2 | Cell Size   12800 | Actor Count   14 (100.0%)
 |- Level  1: Cell Count    0 | Cell Size   25600 | Actor Count    0 (0.0%)

[+] Content of Grid Level 0
 |- [+] Content of Cell Level1_MainGrid_L0_X1_Y0 (09G8Q4E7IW7GT8RPO96Y9H0N6)
 |   |- Actor Count: 1
 |   |-          Actor Path: /Game/Maps/Level1.Level1:PersistentLevel.StaticMeshActor_UAID_00D861AA817000B101_1082128077
 |   |-       Actor Package: /Game/__ExternalActors__/Maps/Level1/4/TC/72LE4JOM3QE9SVR12FK0RE
 |   |- Actor Instance Guid: 8D242B5F43ACBBE7658B8D9CEE7097F5
 |- [+] Content of Cell Level1_MainGrid_L0_X0_Y0 (97THMDWK0P01IZDDU63RIXQN5)
 |   |- Actor Count: 13
 |   |-          Actor Path: /Game/Maps/Level1.Level1:PersistentLevel.StaticMeshActor_UAID_00D861AA8170FFB001_2111647900
 |   |-       Actor Package: /Game/__ExternalActors__/Maps/Level1/6/A4/AC5X20S0IKIXVDZT15KBG5
 |   |- Actor Instance Guid: 51C3CC594F142F98745CA28482B8117C
 |   |-          Actor Path: /Game/Maps/Level1.Level1:PersistentLevel.StaticMeshActor_UAID_00D861AA8170FFB001_2058286898
 |   |-       Actor Package: /Game/__ExternalActors__/Maps/Level1/7/8M/Q44BTFFAZBR8SYK7Q4UI8V
 |   |- Actor Instance Guid: 6DE9FD6640515FFFCACE148F19E867C7
 |   |-          Actor Path: /Game/Maps/Level1.Level1:PersistentLevel.StaticMeshActor_UAID_00D861AA817000B101_1550594079
 |   |-       Actor Package: /Game/__ExternalActors__/Maps/Level1/7/FH/OO299ZXH29B4B7BN4MKUBU
 |   |- Actor Instance Guid: 9A5FD3384F3D5AFCA27400BE83965718
 |   |-          Actor Path: /Game/Maps/Level1.Level1:PersistentLevel.BP_Interaction_Outwards_C_UAID_00D861AA8170F2B001_2081345607
 |   |-       Actor Package: /Game/__ExternalActors__/Maps/Level1/5/VE/49O57EI3BZOZ46MKH5SW11
 |   |- Actor Instance Guid: 9EA87A754A9E7F171560ABAFC4647351
 |   |-          Actor Path: /Game/Maps/Level1.Level1:PersistentLevel.StaticMeshActor_UAID_00D861AA817000B101_1561606080
 |   |-       Actor Package: /Game/__ExternalActors__/Maps/Level1/7/5W/WOEV9OJKBA0CRIF9KA4VUO
 |   |- Actor Instance Guid: A6AFEBD64EDD40A8107212AAD0B59EB5
 |   |-          Actor Path: /Game/Maps/Level1.Level1:PersistentLevel.StaticMeshActor_UAID_00D861AA817000B101_1567505081
 |   |-       Actor Package: /Game/__ExternalActors__/Maps/Level1/1/SQ/18CAXJC6QB61PGAMP17E56
 |   |- Actor Instance Guid: B9BDB1B843680A9AFAB28C8946A1A464
 |   |-          Actor Path: /Game/Maps/Level1.Level1:PersistentLevel.StaticMeshActor_UAID_00D861AA8170B3AF01_1344228468
 |   |-       Actor Package: /Game/__ExternalActors__/Maps/Level1/3/ZK/SP4KI0XWUPAPD27LZAOV5P
 |   |- Actor Instance Guid: C61BEC2B4C72F19793DB56993E07488D
 |   |-          Actor Path: /Game/Maps/Level1.Level1:PersistentLevel.StaticMeshActor_UAID_00D861AA817000B101_1082131078
 |   |-       Actor Package: /Game/__ExternalActors__/Maps/Level1/B/GR/SG1S8AUWK9W0UDYLGLL0G6
 |   |- Actor Instance Guid: C96641234E989AEA59FD128B71EAD42F
 |   |-          Actor Path: /Game/Maps/Level1.Level1:PersistentLevel.BP_FlickeringLight_C_UAID_00D861AA817007B101_1352973304
 |   |-       Actor Package: /Game/__ExternalActors__/Maps/Level1/8/EW/DL4NL3I81A5W50QOL07MT5
 |   |- Actor Instance Guid: CC2FF4A4464358AB5A694CB75A5416E0
 |   |-          Actor Path: /Game/Maps/Level1.Level1:PersistentLevel.BP_PhysicsDoor_C_UAID_00D861AA8170F7B001_1695301488
 |   |-       Actor Package: /Game/__ExternalActors__/Maps/Level1/3/VY/W2LIXJ69O3T2219A2X5E1X
 |   |- Actor Instance Guid: CDB52C3040D43AF8A250A8BCCC791FF0
 |   |-          Actor Path: /Game/Maps/Level1.Level1:PersistentLevel.PointLight_UAID_00D861AA817006B101_1117266127
 |   |-       Actor Package: /Game/__ExternalActors__/Maps/Level1/E/U0/9ZAGZNC8LTD2KWR5YQP0ZF
 |   |- Actor Instance Guid: DCA5982C44F5F2C826B9BBAF81D8C467
 |   |-          Actor Path: /Game/Maps/Level1.Level1:PersistentLevel.BP_InteractionActor_C_UAID_00D861AA8170D7AF01_1710937807
 |   |-       Actor Package: /Game/__ExternalActors__/Maps/Level1/D/E9/1FZ8Q5H6NZJR0TPI0J9N1U
 |   |- Actor Instance Guid: F4A9DD51421BDE73BDDB02B3124D270A
 |   |-          Actor Path: /Game/Maps/Level1.Level1:PersistentLevel.StaticMeshActor_UAID_00D861AA8170FFB001_2091837899
 |   |-       Actor Package: /Game/__ExternalActors__/Maps/Level1/D/UC/L75DDWPTLIPCZ534M98KSF
 |   |- Actor Instance Guid: F9B41A8A40224C327E250DA009ECF23B
[+] Content of Grid Level 1

